2018-04-06 13:46:31 Error: [Cake\Database\Exception] SQLSTATE[42S02]: Base table or view not found: 1146 Table 'vpgen.gene_discriptions' doesn't exist in /Users/juhuvn/www/vpgencake/vendor/cakephp/cakephp/src/Database/Schema/Collection.php on line 131
Stack Trace:
#0 /Users/juhuvn/www/vpgencake/vendor/cakephp/cakephp/src/Database/Schema/Collection.php(97): Cake\Database\Schema\Collection->_reflect('Column', 'gene_discriptio...', Array, Object(Cake\Database\Schema\TableSchema))
#1 /Users/juhuvn/www/vpgencake/vendor/cakephp/cakephp/src/Database/Schema/CachedCollection.php(63): Cake\Database\Schema\Collection->describe('gene_discriptio...', Array)
#2 /Users/juhuvn/www/vpgencake/vendor/cakephp/cakephp/src/ORM/Table.php(532): Cake\Database\Schema\CachedCollection->describe('gene_discriptio...')
#3 /Users/juhuvn/www/vpgencake/vendor/cakephp/cakephp/src/ORM/Table.php(653): Cake\ORM\Table->getSchema()
#4 /Users/juhuvn/www/vpgencake/vendor/cakephp/bake/src/Shell/Task/ModelTask.php(220): Cake\ORM\Table->getPrimaryKey()
#5 /Users/juhuvn/www/vpgencake/vendor/cakephp/bake/src/Shell/Task/ModelTask.php(130): Bake\Shell\Task\ModelTask->getAssociations(Object(Cake\ORM\Table))
#6 /Users/juhuvn/www/vpgencake/vendor/cakephp/bake/src/Shell/Task/ModelTask.php(113): Bake\Shell\Task\ModelTask->getTableContext(Object(Cake\ORM\Table), 'gene_discriptio...', 'GeneDiscription...')
#7 /Users/juhuvn/www/vpgencake/vendor/cakephp/bake/src/Shell/Task/ModelTask.php(100): Bake\Shell\Task\ModelTask->bake('GeneDiscription...')
#8 /Users/juhuvn/www/vpgencake/vendor/cakephp/bake/src/Shell/BakeShell.php(272): Bake\Shell\Task\ModelTask->main('GeneDiscription...')
#9 /Users/juhuvn/www/vpgencake/vendor/cakephp/cakephp/src/Collection/CollectionTrait.php(51): Bake\Shell\BakeShell->Bake\Shell\{closure}('GeneDiscription...', 0)
#10 /Users/juhuvn/www/vpgencake/vendor/cakephp/bake/src/Shell/BakeShell.php(273): Cake\Collection\Collection->each(Object(Closure))
#11 /Users/juhuvn/www/vpgencake/vendor/cakephp/cakephp/src/Console/Shell.php(493): Bake\Shell\BakeShell->all('gene_discriptio...')
#12 /Users/juhuvn/www/vpgencake/vendor/cakephp/cakephp/src/Console/CommandRunner.php(141): Cake\Console\Shell->runCommand(Array, true)
#13 /Users/juhuvn/www/vpgencake/bin/cake.php(12): Cake\Console\CommandRunner->run(Array)
#14 {main}


2018-04-06 13:47:26 Error: [Cake\Database\Exception] SQLSTATE[42S02]: Base table or view not found: 1146 Table 'vpgen.diseases_genes' doesn't exist in /Users/juhuvn/www/vpgencake/vendor/cakephp/cakephp/src/Database/Schema/Collection.php on line 131
Stack Trace:
#0 /Users/juhuvn/www/vpgencake/vendor/cakephp/cakephp/src/Database/Schema/Collection.php(97): Cake\Database\Schema\Collection->_reflect('Column', 'diseases_genes', Array, Object(Cake\Database\Schema\TableSchema))
#1 /Users/juhuvn/www/vpgencake/vendor/cakephp/cakephp/src/Database/Schema/CachedCollection.php(63): Cake\Database\Schema\Collection->describe('diseases_genes', Array)
#2 /Users/juhuvn/www/vpgencake/vendor/cakephp/cakephp/src/ORM/Table.php(532): Cake\Database\Schema\CachedCollection->describe('diseases_genes')
#3 /Users/juhuvn/www/vpgencake/vendor/cakephp/cakephp/src/ORM/Table.php(653): Cake\ORM\Table->getSchema()
#4 /Users/juhuvn/www/vpgencake/vendor/cakephp/bake/src/Shell/Task/ModelTask.php(220): Cake\ORM\Table->getPrimaryKey()
#5 /Users/juhuvn/www/vpgencake/vendor/cakephp/bake/src/Shell/Task/ModelTask.php(130): Bake\Shell\Task\ModelTask->getAssociations(Object(Cake\ORM\Table))
#6 /Users/juhuvn/www/vpgencake/vendor/cakephp/bake/src/Shell/Task/ModelTask.php(113): Bake\Shell\Task\ModelTask->getTableContext(Object(Cake\ORM\Table), 'diseases_genes', 'DiseasesGenes')
#7 /Users/juhuvn/www/vpgencake/vendor/cakephp/bake/src/Shell/Task/ModelTask.php(100): Bake\Shell\Task\ModelTask->bake('DiseasesGenes')
#8 /Users/juhuvn/www/vpgencake/vendor/cakephp/bake/src/Shell/BakeShell.php(272): Bake\Shell\Task\ModelTask->main('DiseasesGenes')
#9 /Users/juhuvn/www/vpgencake/vendor/cakephp/cakephp/src/Collection/CollectionTrait.php(51): Bake\Shell\BakeShell->Bake\Shell\{closure}('DiseasesGenes', 0)
#10 /Users/juhuvn/www/vpgencake/vendor/cakephp/bake/src/Shell/BakeShell.php(273): Cake\Collection\Collection->each(Object(Closure))
#11 /Users/juhuvn/www/vpgencake/vendor/cakephp/cakephp/src/Console/Shell.php(493): Bake\Shell\BakeShell->all('diseasesGenes')
#12 /Users/juhuvn/www/vpgencake/vendor/cakephp/cakephp/src/Console/CommandRunner.php(141): Cake\Console\Shell->runCommand(Array, true)
#13 /Users/juhuvn/www/vpgencake/bin/cake.php(12): Cake\Console\CommandRunner->run(Array)
#14 {main}


