2018-04-06 13:49:05 Error: [Cake\Routing\Exception\MissingControllerException] Controller class Diseases_genes could not be found.
Exception Attributes: array (
  'class' => 'Diseases_genes',
  'plugin' => false,
  'prefix' => false,
  '_ext' => false,
)
Request URL: /diseases_genes
Stack Trace:
#0 /Users/juhuvn/www/vpgencake/vendor/cakephp/cakephp/src/Http/ControllerFactory.php(38): Cake\Http\ControllerFactory->missingController(Object(Cake\Http\ServerRequest))
#1 /Users/juhuvn/www/vpgencake/vendor/cakephp/cakephp/src/Http/ActionDispatcher.php(90): Cake\Http\ControllerFactory->create(Object(Cake\Http\ServerRequest), Object(Cake\Http\Response))
#2 /Users/juhuvn/www/vpgencake/vendor/cakephp/cakephp/src/Http/BaseApplication.php(108): Cake\Http\ActionDispatcher->dispatch(Object(Cake\Http\ServerRequest), Object(Cake\Http\Response))
#3 /Users/juhuvn/www/vpgencake/vendor/cakephp/cakephp/src/Http/Runner.php(65): Cake\Http\BaseApplication->__invoke(Object(Cake\Http\ServerRequest), Object(Cake\Http\Response), Object(Cake\Http\Runner))
#4 /Users/juhuvn/www/vpgencake/vendor/cakephp/cakephp/src/Routing/Middleware/RoutingMiddleware.php(104): Cake\Http\Runner->__invoke(Object(Cake\Http\ServerRequest), Object(Cake\Http\Response))
#5 /Users/juhuvn/www/vpgencake/vendor/cakephp/cakephp/src/Http/Runner.php(65): Cake\Routing\Middleware\RoutingMiddleware->__invoke(Object(Cake\Http\ServerRequest), Object(Cake\Http\Response), Object(Cake\Http\Runner))
#6 /Users/juhuvn/www/vpgencake/vendor/cakephp/cakephp/src/Routing/Middleware/AssetMiddleware.php(88): Cake\Http\Runner->__invoke(Object(Cake\Http\ServerRequest), Object(Cake\Http\Response))
#7 /Users/juhuvn/www/vpgencake/vendor/cakephp/cakephp/src/Http/Runner.php(65): Cake\Routing\Middleware\AssetMiddleware->__invoke(Object(Cake\Http\ServerRequest), Object(Cake\Http\Response), Object(Cake\Http\Runner))
#8 /Users/juhuvn/www/vpgencake/vendor/cakephp/cakephp/src/Error/Middleware/ErrorHandlerMiddleware.php(98): Cake\Http\Runner->__invoke(Object(Cake\Http\ServerRequest), Object(Cake\Http\Response))
#9 /Users/juhuvn/www/vpgencake/vendor/cakephp/cakephp/src/Http/Runner.php(65): Cake\Error\Middleware\ErrorHandlerMiddleware->__invoke(Object(Cake\Http\ServerRequest), Object(Cake\Http\Response), Object(Cake\Http\Runner))
#10 /Users/juhuvn/www/vpgencake/vendor/cakephp/debug_kit/src/Middleware/DebugKitMiddleware.php(52): Cake\Http\Runner->__invoke(Object(Cake\Http\ServerRequest), Object(Cake\Http\Response))
#11 /Users/juhuvn/www/vpgencake/vendor/cakephp/cakephp/src/Http/Runner.php(65): DebugKit\Middleware\DebugKitMiddleware->__invoke(Object(Cake\Http\ServerRequest), Object(Cake\Http\Response), Object(Cake\Http\Runner))
#12 /Users/juhuvn/www/vpgencake/vendor/cakephp/cakephp/src/Http/Runner.php(51): Cake\Http\Runner->__invoke(Object(Cake\Http\ServerRequest), Object(Cake\Http\Response))
#13 /Users/juhuvn/www/vpgencake/vendor/cakephp/cakephp/src/Http/Server.php(81): Cake\Http\Runner->run(Object(Cake\Http\MiddlewareQueue), Object(Cake\Http\ServerRequest), Object(Cake\Http\Response))
#14 /Users/juhuvn/www/vpgencake/webroot/index.php(40): Cake\Http\Server->run()
#15 {main}


2018-04-06 14:31:51 Error: [Error] Class 'CakePlugin' not found in /Users/juhuvn/www/vpgencake/config/bootstrap.php on line 218
Stack Trace:
#0 /Users/juhuvn/www/vpgencake/vendor/cakephp/cakephp/src/Http/BaseApplication.php(60): require_once()
#1 /Users/juhuvn/www/vpgencake/vendor/cakephp/cakephp/src/Http/Server.php(71): Cake\Http\BaseApplication->bootstrap()
#2 /Users/juhuvn/www/vpgencake/webroot/index.php(40): Cake\Http\Server->run()
#3 {main}


2018-04-06 14:32:36 Error: [Cake\View\Exception\MissingHelperException] Helper class FroalaHelper could not be found.
Exception Attributes: array (
  'class' => 'FroalaHelper',
  'plugin' => 'Froala',
)
Request URL: /diseases/edit/1
Referer URL: http://localhost:8888/vpgencake/diseases
Stack Trace:
#0 /Users/juhuvn/www/vpgencake/vendor/cakephp/cakephp/src/Core/ObjectRegistry.php(94): Cake\View\HelperRegistry->_throwMissingClassError('Froala', 'Froala')
#1 /Users/juhuvn/www/vpgencake/vendor/cakephp/cakephp/src/View/View.php(1235): Cake\Core\ObjectRegistry->load('Froala', Array)
#2 /Users/juhuvn/www/vpgencake/vendor/cakephp/cakephp/src/View/View.php(1136): Cake\View\View->loadHelper('Froala.Froala', Array)
#3 /Users/juhuvn/www/vpgencake/vendor/cakephp/cakephp/src/View/View.php(371): Cake\View\View->loadHelpers()
#4 /Users/juhuvn/www/vpgencake/vendor/cakephp/cakephp/src/View/ViewBuilder.php(629): Cake\View\View->__construct(Object(Cake\Http\ServerRequest), Object(Cake\Http\Response), Object(Cake\Event\EventManager), Array)
#5 /Users/juhuvn/www/vpgencake/vendor/cakephp/cakephp/src/View/ViewVarsTrait.php(120): Cake\View\ViewBuilder->build(Array, Object(Cake\Http\ServerRequest), Object(Cake\Http\Response), Object(Cake\Event\EventManager))
#6 /Users/juhuvn/www/vpgencake/vendor/cakephp/cakephp/src/Controller/Controller.php(622): Cake\Controller\Controller->createView()
#7 /Users/juhuvn/www/vpgencake/vendor/cakephp/cakephp/src/Http/ActionDispatcher.php(125): Cake\Controller\Controller->render()
#8 /Users/juhuvn/www/vpgencake/vendor/cakephp/cakephp/src/Http/ActionDispatcher.php(93): Cake\Http\ActionDispatcher->_invoke(Object(App\Controller\DiseasesController))
#9 /Users/juhuvn/www/vpgencake/vendor/cakephp/cakephp/src/Http/BaseApplication.php(108): Cake\Http\ActionDispatcher->dispatch(Object(Cake\Http\ServerRequest), Object(Cake\Http\Response))
#10 /Users/juhuvn/www/vpgencake/vendor/cakephp/cakephp/src/Http/Runner.php(65): Cake\Http\BaseApplication->__invoke(Object(Cake\Http\ServerRequest), Object(Cake\Http\Response), Object(Cake\Http\Runner))
#11 /Users/juhuvn/www/vpgencake/vendor/cakephp/cakephp/src/Routing/Middleware/RoutingMiddleware.php(104): Cake\Http\Runner->__invoke(Object(Cake\Http\ServerRequest), Object(Cake\Http\Response))
#12 /Users/juhuvn/www/vpgencake/vendor/cakephp/cakephp/src/Http/Runner.php(65): Cake\Routing\Middleware\RoutingMiddleware->__invoke(Object(Cake\Http\ServerRequest), Object(Cake\Http\Response), Object(Cake\Http\Runner))
#13 /Users/juhuvn/www/vpgencake/vendor/cakephp/cakephp/src/Routing/Middleware/AssetMiddleware.php(88): Cake\Http\Runner->__invoke(Object(Cake\Http\ServerRequest), Object(Cake\Http\Response))
#14 /Users/juhuvn/www/vpgencake/vendor/cakephp/cakephp/src/Http/Runner.php(65): Cake\Routing\Middleware\AssetMiddleware->__invoke(Object(Cake\Http\ServerRequest), Object(Cake\Http\Response), Object(Cake\Http\Runner))
#15 /Users/juhuvn/www/vpgencake/vendor/cakephp/cakephp/src/Error/Middleware/ErrorHandlerMiddleware.php(98): Cake\Http\Runner->__invoke(Object(Cake\Http\ServerRequest), Object(Cake\Http\Response))
#16 /Users/juhuvn/www/vpgencake/vendor/cakephp/cakephp/src/Http/Runner.php(65): Cake\Error\Middleware\ErrorHandlerMiddleware->__invoke(Object(Cake\Http\ServerRequest), Object(Cake\Http\Response), Object(Cake\Http\Runner))
#17 /Users/juhuvn/www/vpgencake/vendor/cakephp/debug_kit/src/Middleware/DebugKitMiddleware.php(52): Cake\Http\Runner->__invoke(Object(Cake\Http\ServerRequest), Object(Cake\Http\Response))
#18 /Users/juhuvn/www/vpgencake/vendor/cakephp/cakephp/src/Http/Runner.php(65): DebugKit\Middleware\DebugKitMiddleware->__invoke(Object(Cake\Http\ServerRequest), Object(Cake\Http\Response), Object(Cake\Http\Runner))
#19 /Users/juhuvn/www/vpgencake/vendor/cakephp/cakephp/src/Http/Runner.php(51): Cake\Http\Runner->__invoke(Object(Cake\Http\ServerRequest), Object(Cake\Http\Response))
#20 /Users/juhuvn/www/vpgencake/vendor/cakephp/cakephp/src/Http/Server.php(81): Cake\Http\Runner->run(Object(Cake\Http\MiddlewareQueue), Object(Cake\Http\ServerRequest), Object(Cake\Http\Response))
#21 /Users/juhuvn/www/vpgencake/webroot/index.php(40): Cake\Http\Server->run()
#22 {main}


2018-04-06 14:38:03 Error: [Cake\View\Exception\MissingHelperException] Helper class FroalaHelper could not be found.
Exception Attributes: array (
  'class' => 'FroalaHelper',
  'plugin' => 'Froala',
)
Request URL: /diseases
Stack Trace:
#0 /Users/juhuvn/www/vpgencake/vendor/cakephp/cakephp/src/Core/ObjectRegistry.php(94): Cake\View\HelperRegistry->_throwMissingClassError('Froala', 'Froala')
#1 /Users/juhuvn/www/vpgencake/vendor/cakephp/cakephp/src/View/View.php(1235): Cake\Core\ObjectRegistry->load('Froala', Array)
#2 /Users/juhuvn/www/vpgencake/vendor/cakephp/cakephp/src/View/View.php(1136): Cake\View\View->loadHelper('Froala.Froala', Array)
#3 /Users/juhuvn/www/vpgencake/vendor/cakephp/cakephp/src/View/View.php(371): Cake\View\View->loadHelpers()
#4 /Users/juhuvn/www/vpgencake/vendor/cakephp/cakephp/src/View/ViewBuilder.php(629): Cake\View\View->__construct(Object(Cake\Http\ServerRequest), Object(Cake\Http\Response), Object(Cake\Event\EventManager), Array)
#5 /Users/juhuvn/www/vpgencake/vendor/cakephp/cakephp/src/View/ViewVarsTrait.php(120): Cake\View\ViewBuilder->build(Array, Object(Cake\Http\ServerRequest), Object(Cake\Http\Response), Object(Cake\Event\EventManager))
#6 /Users/juhuvn/www/vpgencake/vendor/cakephp/cakephp/src/Controller/Controller.php(622): Cake\Controller\Controller->createView()
#7 /Users/juhuvn/www/vpgencake/vendor/cakephp/cakephp/src/Http/ActionDispatcher.php(125): Cake\Controller\Controller->render()
#8 /Users/juhuvn/www/vpgencake/vendor/cakephp/cakephp/src/Http/ActionDispatcher.php(93): Cake\Http\ActionDispatcher->_invoke(Object(App\Controller\DiseasesController))
#9 /Users/juhuvn/www/vpgencake/vendor/cakephp/cakephp/src/Http/BaseApplication.php(108): Cake\Http\ActionDispatcher->dispatch(Object(Cake\Http\ServerRequest), Object(Cake\Http\Response))
#10 /Users/juhuvn/www/vpgencake/vendor/cakephp/cakephp/src/Http/Runner.php(65): Cake\Http\BaseApplication->__invoke(Object(Cake\Http\ServerRequest), Object(Cake\Http\Response), Object(Cake\Http\Runner))
#11 /Users/juhuvn/www/vpgencake/vendor/cakephp/cakephp/src/Routing/Middleware/RoutingMiddleware.php(104): Cake\Http\Runner->__invoke(Object(Cake\Http\ServerRequest), Object(Cake\Http\Response))
#12 /Users/juhuvn/www/vpgencake/vendor/cakephp/cakephp/src/Http/Runner.php(65): Cake\Routing\Middleware\RoutingMiddleware->__invoke(Object(Cake\Http\ServerRequest), Object(Cake\Http\Response), Object(Cake\Http\Runner))
#13 /Users/juhuvn/www/vpgencake/vendor/cakephp/cakephp/src/Routing/Middleware/AssetMiddleware.php(88): Cake\Http\Runner->__invoke(Object(Cake\Http\ServerRequest), Object(Cake\Http\Response))
#14 /Users/juhuvn/www/vpgencake/vendor/cakephp/cakephp/src/Http/Runner.php(65): Cake\Routing\Middleware\AssetMiddleware->__invoke(Object(Cake\Http\ServerRequest), Object(Cake\Http\Response), Object(Cake\Http\Runner))
#15 /Users/juhuvn/www/vpgencake/vendor/cakephp/cakephp/src/Error/Middleware/ErrorHandlerMiddleware.php(98): Cake\Http\Runner->__invoke(Object(Cake\Http\ServerRequest), Object(Cake\Http\Response))
#16 /Users/juhuvn/www/vpgencake/vendor/cakephp/cakephp/src/Http/Runner.php(65): Cake\Error\Middleware\ErrorHandlerMiddleware->__invoke(Object(Cake\Http\ServerRequest), Object(Cake\Http\Response), Object(Cake\Http\Runner))
#17 /Users/juhuvn/www/vpgencake/vendor/cakephp/debug_kit/src/Middleware/DebugKitMiddleware.php(52): Cake\Http\Runner->__invoke(Object(Cake\Http\ServerRequest), Object(Cake\Http\Response))
#18 /Users/juhuvn/www/vpgencake/vendor/cakephp/cakephp/src/Http/Runner.php(65): DebugKit\Middleware\DebugKitMiddleware->__invoke(Object(Cake\Http\ServerRequest), Object(Cake\Http\Response), Object(Cake\Http\Runner))
#19 /Users/juhuvn/www/vpgencake/vendor/cakephp/cakephp/src/Http/Runner.php(51): Cake\Http\Runner->__invoke(Object(Cake\Http\ServerRequest), Object(Cake\Http\Response))
#20 /Users/juhuvn/www/vpgencake/vendor/cakephp/cakephp/src/Http/Server.php(81): Cake\Http\Runner->run(Object(Cake\Http\MiddlewareQueue), Object(Cake\Http\ServerRequest), Object(Cake\Http\Response))
#21 /Users/juhuvn/www/vpgencake/webroot/index.php(40): Cake\Http\Server->run()
#22 {main}


2018-04-06 15:05:35 Error: [Cake\Routing\Exception\MissingControllerException] Controller class Diseases_genes could not be found.
Exception Attributes: array (
  'class' => 'Diseases_genes',
  'plugin' => false,
  'prefix' => false,
  '_ext' => false,
)
Request URL: /diseases_genes
Stack Trace:
#0 /Users/juhuvn/www/vpgencake/vendor/cakephp/cakephp/src/Http/ControllerFactory.php(38): Cake\Http\ControllerFactory->missingController(Object(Cake\Http\ServerRequest))
#1 /Users/juhuvn/www/vpgencake/vendor/cakephp/cakephp/src/Http/ActionDispatcher.php(90): Cake\Http\ControllerFactory->create(Object(Cake\Http\ServerRequest), Object(Cake\Http\Response))
#2 /Users/juhuvn/www/vpgencake/vendor/cakephp/cakephp/src/Http/BaseApplication.php(108): Cake\Http\ActionDispatcher->dispatch(Object(Cake\Http\ServerRequest), Object(Cake\Http\Response))
#3 /Users/juhuvn/www/vpgencake/vendor/cakephp/cakephp/src/Http/Runner.php(65): Cake\Http\BaseApplication->__invoke(Object(Cake\Http\ServerRequest), Object(Cake\Http\Response), Object(Cake\Http\Runner))
#4 /Users/juhuvn/www/vpgencake/vendor/cakephp/cakephp/src/Routing/Middleware/RoutingMiddleware.php(104): Cake\Http\Runner->__invoke(Object(Cake\Http\ServerRequest), Object(Cake\Http\Response))
#5 /Users/juhuvn/www/vpgencake/vendor/cakephp/cakephp/src/Http/Runner.php(65): Cake\Routing\Middleware\RoutingMiddleware->__invoke(Object(Cake\Http\ServerRequest), Object(Cake\Http\Response), Object(Cake\Http\Runner))
#6 /Users/juhuvn/www/vpgencake/vendor/cakephp/cakephp/src/Routing/Middleware/AssetMiddleware.php(88): Cake\Http\Runner->__invoke(Object(Cake\Http\ServerRequest), Object(Cake\Http\Response))
#7 /Users/juhuvn/www/vpgencake/vendor/cakephp/cakephp/src/Http/Runner.php(65): Cake\Routing\Middleware\AssetMiddleware->__invoke(Object(Cake\Http\ServerRequest), Object(Cake\Http\Response), Object(Cake\Http\Runner))
#8 /Users/juhuvn/www/vpgencake/vendor/cakephp/cakephp/src/Error/Middleware/ErrorHandlerMiddleware.php(98): Cake\Http\Runner->__invoke(Object(Cake\Http\ServerRequest), Object(Cake\Http\Response))
#9 /Users/juhuvn/www/vpgencake/vendor/cakephp/cakephp/src/Http/Runner.php(65): Cake\Error\Middleware\ErrorHandlerMiddleware->__invoke(Object(Cake\Http\ServerRequest), Object(Cake\Http\Response), Object(Cake\Http\Runner))
#10 /Users/juhuvn/www/vpgencake/vendor/cakephp/debug_kit/src/Middleware/DebugKitMiddleware.php(52): Cake\Http\Runner->__invoke(Object(Cake\Http\ServerRequest), Object(Cake\Http\Response))
#11 /Users/juhuvn/www/vpgencake/vendor/cakephp/cakephp/src/Http/Runner.php(65): DebugKit\Middleware\DebugKitMiddleware->__invoke(Object(Cake\Http\ServerRequest), Object(Cake\Http\Response), Object(Cake\Http\Runner))
#12 /Users/juhuvn/www/vpgencake/vendor/cakephp/cakephp/src/Http/Runner.php(51): Cake\Http\Runner->__invoke(Object(Cake\Http\ServerRequest), Object(Cake\Http\Response))
#13 /Users/juhuvn/www/vpgencake/vendor/cakephp/cakephp/src/Http/Server.php(81): Cake\Http\Runner->run(Object(Cake\Http\MiddlewareQueue), Object(Cake\Http\ServerRequest), Object(Cake\Http\Response))
#14 /Users/juhuvn/www/vpgencake/webroot/index.php(40): Cake\Http\Server->run()
#15 {main}


2018-04-06 15:05:44 Error: [RuntimeException] Unable to locate an object compatible with paginate.
Request URL: /diseasesgenes
Stack Trace:
#0 /Users/juhuvn/www/vpgencake/src/Controller/DiseasesgenesController.php(26): Cake\Controller\Controller->paginate(false)
#1 /Users/juhuvn/www/vpgencake/vendor/cakephp/cakephp/src/Controller/Controller.php(440): App\Controller\DiseasesGenesController->index()
#2 /Users/juhuvn/www/vpgencake/vendor/cakephp/cakephp/src/Http/ActionDispatcher.php(119): Cake\Controller\Controller->invokeAction()
#3 /Users/juhuvn/www/vpgencake/vendor/cakephp/cakephp/src/Http/ActionDispatcher.php(93): Cake\Http\ActionDispatcher->_invoke(Object(App\Controller\DiseasesGenesController))
#4 /Users/juhuvn/www/vpgencake/vendor/cakephp/cakephp/src/Http/BaseApplication.php(108): Cake\Http\ActionDispatcher->dispatch(Object(Cake\Http\ServerRequest), Object(Cake\Http\Response))
#5 /Users/juhuvn/www/vpgencake/vendor/cakephp/cakephp/src/Http/Runner.php(65): Cake\Http\BaseApplication->__invoke(Object(Cake\Http\ServerRequest), Object(Cake\Http\Response), Object(Cake\Http\Runner))
#6 /Users/juhuvn/www/vpgencake/vendor/cakephp/cakephp/src/Routing/Middleware/RoutingMiddleware.php(104): Cake\Http\Runner->__invoke(Object(Cake\Http\ServerRequest), Object(Cake\Http\Response))
#7 /Users/juhuvn/www/vpgencake/vendor/cakephp/cakephp/src/Http/Runner.php(65): Cake\Routing\Middleware\RoutingMiddleware->__invoke(Object(Cake\Http\ServerRequest), Object(Cake\Http\Response), Object(Cake\Http\Runner))
#8 /Users/juhuvn/www/vpgencake/vendor/cakephp/cakephp/src/Routing/Middleware/AssetMiddleware.php(88): Cake\Http\Runner->__invoke(Object(Cake\Http\ServerRequest), Object(Cake\Http\Response))
#9 /Users/juhuvn/www/vpgencake/vendor/cakephp/cakephp/src/Http/Runner.php(65): Cake\Routing\Middleware\AssetMiddleware->__invoke(Object(Cake\Http\ServerRequest), Object(Cake\Http\Response), Object(Cake\Http\Runner))
#10 /Users/juhuvn/www/vpgencake/vendor/cakephp/cakephp/src/Error/Middleware/ErrorHandlerMiddleware.php(98): Cake\Http\Runner->__invoke(Object(Cake\Http\ServerRequest), Object(Cake\Http\Response))
#11 /Users/juhuvn/www/vpgencake/vendor/cakephp/cakephp/src/Http/Runner.php(65): Cake\Error\Middleware\ErrorHandlerMiddleware->__invoke(Object(Cake\Http\ServerRequest), Object(Cake\Http\Response), Object(Cake\Http\Runner))
#12 /Users/juhuvn/www/vpgencake/vendor/cakephp/debug_kit/src/Middleware/DebugKitMiddleware.php(52): Cake\Http\Runner->__invoke(Object(Cake\Http\ServerRequest), Object(Cake\Http\Response))
#13 /Users/juhuvn/www/vpgencake/vendor/cakephp/cakephp/src/Http/Runner.php(65): DebugKit\Middleware\DebugKitMiddleware->__invoke(Object(Cake\Http\ServerRequest), Object(Cake\Http\Response), Object(Cake\Http\Runner))
#14 /Users/juhuvn/www/vpgencake/vendor/cakephp/cakephp/src/Http/Runner.php(51): Cake\Http\Runner->__invoke(Object(Cake\Http\ServerRequest), Object(Cake\Http\Response))
#15 /Users/juhuvn/www/vpgencake/vendor/cakephp/cakephp/src/Http/Server.php(81): Cake\Http\Runner->run(Object(Cake\Http\MiddlewareQueue), Object(Cake\Http\ServerRequest), Object(Cake\Http\Response))
#16 /Users/juhuvn/www/vpgencake/webroot/index.php(40): Cake\Http\Server->run()
#17 {main}


2018-04-06 15:43:02 Warning: Warning (2): Declaration of App\Controller\UsersController::beforeFilter(App\Controller\Event $event) should be compatible with App\Controller\AppController::beforeFilter(Cake\Event\Event $event) in [/Users/juhuvn/www/vpgencake/src/Controller/UsersController.php, line 14]
Request URL: /users/add
Trace:
Cake\Error\BaseErrorHandler::handleError() - CORE/src/Error/BaseErrorHandler.php, line 153
include - APP/Controller/UsersController.php, line 14
Composer\Autoload\includeFile - ROOT/vendor/composer/ClassLoader.php, line 444
Composer\Autoload\ClassLoader::loadClass() - ROOT/vendor/composer/ClassLoader.php, line 322
spl_autoload_call - [internal], line ??
class_exists - [internal], line ??
Cake\Core\App::_classExistsInBase() - CORE/src/Core/App.php, line 152
Cake\Core\App::className() - CORE/src/Core/App.php, line 64
Cake\Http\ControllerFactory::getControllerClass() - CORE/src/Http/ControllerFactory.php, line 88
Cake\Http\ControllerFactory::create() - CORE/src/Http/ControllerFactory.php, line 36
Cake\Http\ActionDispatcher::dispatch() - CORE/src/Http/ActionDispatcher.php, line 90
Cake\Http\BaseApplication::__invoke() - CORE/src/Http/BaseApplication.php, line 108
Cake\Http\Runner::__invoke() - CORE/src/Http/Runner.php, line 65
Cake\Routing\Middleware\RoutingMiddleware::__invoke() - CORE/src/Routing/Middleware/RoutingMiddleware.php, line 104
Cake\Http\Runner::__invoke() - CORE/src/Http/Runner.php, line 65
Cake\Routing\Middleware\AssetMiddleware::__invoke() - CORE/src/Routing/Middleware/AssetMiddleware.php, line 88
Cake\Http\Runner::__invoke() - CORE/src/Http/Runner.php, line 65
Cake\Error\Middleware\ErrorHandlerMiddleware::__invoke() - CORE/src/Error/Middleware/ErrorHandlerMiddleware.php, line 98
Cake\Http\Runner::__invoke() - CORE/src/Http/Runner.php, line 65
DebugKit\Middleware\DebugKitMiddleware::__invoke() - ROOT/vendor/cakephp/debug_kit/src/Middleware/DebugKitMiddleware.php, line 52
Cake\Http\Runner::__invoke() - CORE/src/Http/Runner.php, line 65
Cake\Http\Runner::run() - CORE/src/Http/Runner.php, line 51
Cake\Http\Server::run() - CORE/src/Http/Server.php, line 81
[main] - ROOT/webroot/index.php, line 40



2018-04-06 15:43:02 Error: [TypeError] Argument 1 passed to App\Controller\UsersController::beforeFilter() must be an instance of App\Controller\Event, instance of Cake\Event\Event given, called in /Users/juhuvn/www/vpgencake/vendor/cakephp/cakephp/src/Event/EventManager.php on line 416
Request URL: /users/add
Stack Trace:
#0 /Users/juhuvn/www/vpgencake/vendor/cakephp/cakephp/src/Event/EventManager.php(416): App\Controller\UsersController->beforeFilter(Object(Cake\Event\Event))
#1 /Users/juhuvn/www/vpgencake/vendor/cakephp/cakephp/src/Event/EventManager.php(393): Cake\Event\EventManager->_callListener(Array, Object(Cake\Event\Event))
#2 /Users/juhuvn/www/vpgencake/vendor/cakephp/cakephp/src/Event/EventDispatcherTrait.php(110): Cake\Event\EventManager->dispatch(Object(Cake\Event\Event))
#3 /Users/juhuvn/www/vpgencake/vendor/cakephp/cakephp/src/Controller/Controller.php(502): Cake\Controller\Controller->dispatchEvent('Controller.init...')
#4 /Users/juhuvn/www/vpgencake/vendor/cakephp/cakephp/src/Http/ActionDispatcher.php(114): Cake\Controller\Controller->startupProcess()
#5 /Users/juhuvn/www/vpgencake/vendor/cakephp/cakephp/src/Http/ActionDispatcher.php(93): Cake\Http\ActionDispatcher->_invoke(Object(App\Controller\UsersController))
#6 /Users/juhuvn/www/vpgencake/vendor/cakephp/cakephp/src/Http/BaseApplication.php(108): Cake\Http\ActionDispatcher->dispatch(Object(Cake\Http\ServerRequest), Object(Cake\Http\Response))
#7 /Users/juhuvn/www/vpgencake/vendor/cakephp/cakephp/src/Http/Runner.php(65): Cake\Http\BaseApplication->__invoke(Object(Cake\Http\ServerRequest), Object(Cake\Http\Response), Object(Cake\Http\Runner))
#8 /Users/juhuvn/www/vpgencake/vendor/cakephp/cakephp/src/Routing/Middleware/RoutingMiddleware.php(104): Cake\Http\Runner->__invoke(Object(Cake\Http\ServerRequest), Object(Cake\Http\Response))
#9 /Users/juhuvn/www/vpgencake/vendor/cakephp/cakephp/src/Http/Runner.php(65): Cake\Routing\Middleware\RoutingMiddleware->__invoke(Object(Cake\Http\ServerRequest), Object(Cake\Http\Response), Object(Cake\Http\Runner))
#10 /Users/juhuvn/www/vpgencake/vendor/cakephp/cakephp/src/Routing/Middleware/AssetMiddleware.php(88): Cake\Http\Runner->__invoke(Object(Cake\Http\ServerRequest), Object(Cake\Http\Response))
#11 /Users/juhuvn/www/vpgencake/vendor/cakephp/cakephp/src/Http/Runner.php(65): Cake\Routing\Middleware\AssetMiddleware->__invoke(Object(Cake\Http\ServerRequest), Object(Cake\Http\Response), Object(Cake\Http\Runner))
#12 /Users/juhuvn/www/vpgencake/vendor/cakephp/cakephp/src/Error/Middleware/ErrorHandlerMiddleware.php(98): Cake\Http\Runner->__invoke(Object(Cake\Http\ServerRequest), Object(Cake\Http\Response))
#13 /Users/juhuvn/www/vpgencake/vendor/cakephp/cakephp/src/Http/Runner.php(65): Cake\Error\Middleware\ErrorHandlerMiddleware->__invoke(Object(Cake\Http\ServerRequest), Object(Cake\Http\Response), Object(Cake\Http\Runner))
#14 /Users/juhuvn/www/vpgencake/vendor/cakephp/debug_kit/src/Middleware/DebugKitMiddleware.php(52): Cake\Http\Runner->__invoke(Object(Cake\Http\ServerRequest), Object(Cake\Http\Response))
#15 /Users/juhuvn/www/vpgencake/vendor/cakephp/cakephp/src/Http/Runner.php(65): DebugKit\Middleware\DebugKitMiddleware->__invoke(Object(Cake\Http\ServerRequest), Object(Cake\Http\Response), Object(Cake\Http\Runner))
#16 /Users/juhuvn/www/vpgencake/vendor/cakephp/cakephp/src/Http/Runner.php(51): Cake\Http\Runner->__invoke(Object(Cake\Http\ServerRequest), Object(Cake\Http\Response))
#17 /Users/juhuvn/www/vpgencake/vendor/cakephp/cakephp/src/Http/Server.php(81): Cake\Http\Runner->run(Object(Cake\Http\MiddlewareQueue), Object(Cake\Http\ServerRequest), Object(Cake\Http\Response))
#18 /Users/juhuvn/www/vpgencake/webroot/index.php(40): Cake\Http\Server->run()
#19 {main}


2018-04-06 15:44:04 Warning: Warning (2): Declaration of App\Controller\UsersController::beforeFilter(App\Controller\Event $event) should be compatible with App\Controller\AppController::beforeFilter(Cake\Event\Event $event) in [/Users/juhuvn/www/vpgencake/src/Controller/UsersController.php, line 14]
Request URL: /users/add
Trace:
Cake\Error\BaseErrorHandler::handleError() - CORE/src/Error/BaseErrorHandler.php, line 153
include - APP/Controller/UsersController.php, line 14
Composer\Autoload\includeFile - ROOT/vendor/composer/ClassLoader.php, line 444
Composer\Autoload\ClassLoader::loadClass() - ROOT/vendor/composer/ClassLoader.php, line 322
spl_autoload_call - [internal], line ??
class_exists - [internal], line ??
Cake\Core\App::_classExistsInBase() - CORE/src/Core/App.php, line 152
Cake\Core\App::className() - CORE/src/Core/App.php, line 64
Cake\Http\ControllerFactory::getControllerClass() - CORE/src/Http/ControllerFactory.php, line 88
Cake\Http\ControllerFactory::create() - CORE/src/Http/ControllerFactory.php, line 36
Cake\Http\ActionDispatcher::dispatch() - CORE/src/Http/ActionDispatcher.php, line 90
Cake\Http\BaseApplication::__invoke() - CORE/src/Http/BaseApplication.php, line 108
Cake\Http\Runner::__invoke() - CORE/src/Http/Runner.php, line 65
Cake\Routing\Middleware\RoutingMiddleware::__invoke() - CORE/src/Routing/Middleware/RoutingMiddleware.php, line 104
Cake\Http\Runner::__invoke() - CORE/src/Http/Runner.php, line 65
Cake\Routing\Middleware\AssetMiddleware::__invoke() - CORE/src/Routing/Middleware/AssetMiddleware.php, line 88
Cake\Http\Runner::__invoke() - CORE/src/Http/Runner.php, line 65
Cake\Error\Middleware\ErrorHandlerMiddleware::__invoke() - CORE/src/Error/Middleware/ErrorHandlerMiddleware.php, line 98
Cake\Http\Runner::__invoke() - CORE/src/Http/Runner.php, line 65
DebugKit\Middleware\DebugKitMiddleware::__invoke() - ROOT/vendor/cakephp/debug_kit/src/Middleware/DebugKitMiddleware.php, line 52
Cake\Http\Runner::__invoke() - CORE/src/Http/Runner.php, line 65
Cake\Http\Runner::run() - CORE/src/Http/Runner.php, line 51
Cake\Http\Server::run() - CORE/src/Http/Server.php, line 81
[main] - ROOT/webroot/index.php, line 40



2018-04-06 15:44:04 Error: [TypeError] Argument 1 passed to App\Controller\UsersController::beforeFilter() must be an instance of App\Controller\Event, instance of Cake\Event\Event given, called in /Users/juhuvn/www/vpgencake/vendor/cakephp/cakephp/src/Event/EventManager.php on line 416
Request URL: /users/add
Stack Trace:
#0 /Users/juhuvn/www/vpgencake/vendor/cakephp/cakephp/src/Event/EventManager.php(416): App\Controller\UsersController->beforeFilter(Object(Cake\Event\Event))
#1 /Users/juhuvn/www/vpgencake/vendor/cakephp/cakephp/src/Event/EventManager.php(393): Cake\Event\EventManager->_callListener(Array, Object(Cake\Event\Event))
#2 /Users/juhuvn/www/vpgencake/vendor/cakephp/cakephp/src/Event/EventDispatcherTrait.php(110): Cake\Event\EventManager->dispatch(Object(Cake\Event\Event))
#3 /Users/juhuvn/www/vpgencake/vendor/cakephp/cakephp/src/Controller/Controller.php(502): Cake\Controller\Controller->dispatchEvent('Controller.init...')
#4 /Users/juhuvn/www/vpgencake/vendor/cakephp/cakephp/src/Http/ActionDispatcher.php(114): Cake\Controller\Controller->startupProcess()
#5 /Users/juhuvn/www/vpgencake/vendor/cakephp/cakephp/src/Http/ActionDispatcher.php(93): Cake\Http\ActionDispatcher->_invoke(Object(App\Controller\UsersController))
#6 /Users/juhuvn/www/vpgencake/vendor/cakephp/cakephp/src/Http/BaseApplication.php(108): Cake\Http\ActionDispatcher->dispatch(Object(Cake\Http\ServerRequest), Object(Cake\Http\Response))
#7 /Users/juhuvn/www/vpgencake/vendor/cakephp/cakephp/src/Http/Runner.php(65): Cake\Http\BaseApplication->__invoke(Object(Cake\Http\ServerRequest), Object(Cake\Http\Response), Object(Cake\Http\Runner))
#8 /Users/juhuvn/www/vpgencake/vendor/cakephp/cakephp/src/Routing/Middleware/RoutingMiddleware.php(104): Cake\Http\Runner->__invoke(Object(Cake\Http\ServerRequest), Object(Cake\Http\Response))
#9 /Users/juhuvn/www/vpgencake/vendor/cakephp/cakephp/src/Http/Runner.php(65): Cake\Routing\Middleware\RoutingMiddleware->__invoke(Object(Cake\Http\ServerRequest), Object(Cake\Http\Response), Object(Cake\Http\Runner))
#10 /Users/juhuvn/www/vpgencake/vendor/cakephp/cakephp/src/Routing/Middleware/AssetMiddleware.php(88): Cake\Http\Runner->__invoke(Object(Cake\Http\ServerRequest), Object(Cake\Http\Response))
#11 /Users/juhuvn/www/vpgencake/vendor/cakephp/cakephp/src/Http/Runner.php(65): Cake\Routing\Middleware\AssetMiddleware->__invoke(Object(Cake\Http\ServerRequest), Object(Cake\Http\Response), Object(Cake\Http\Runner))
#12 /Users/juhuvn/www/vpgencake/vendor/cakephp/cakephp/src/Error/Middleware/ErrorHandlerMiddleware.php(98): Cake\Http\Runner->__invoke(Object(Cake\Http\ServerRequest), Object(Cake\Http\Response))
#13 /Users/juhuvn/www/vpgencake/vendor/cakephp/cakephp/src/Http/Runner.php(65): Cake\Error\Middleware\ErrorHandlerMiddleware->__invoke(Object(Cake\Http\ServerRequest), Object(Cake\Http\Response), Object(Cake\Http\Runner))
#14 /Users/juhuvn/www/vpgencake/vendor/cakephp/debug_kit/src/Middleware/DebugKitMiddleware.php(52): Cake\Http\Runner->__invoke(Object(Cake\Http\ServerRequest), Object(Cake\Http\Response))
#15 /Users/juhuvn/www/vpgencake/vendor/cakephp/cakephp/src/Http/Runner.php(65): DebugKit\Middleware\DebugKitMiddleware->__invoke(Object(Cake\Http\ServerRequest), Object(Cake\Http\Response), Object(Cake\Http\Runner))
#16 /Users/juhuvn/www/vpgencake/vendor/cakephp/cakephp/src/Http/Runner.php(51): Cake\Http\Runner->__invoke(Object(Cake\Http\ServerRequest), Object(Cake\Http\Response))
#17 /Users/juhuvn/www/vpgencake/vendor/cakephp/cakephp/src/Http/Server.php(81): Cake\Http\Runner->run(Object(Cake\Http\MiddlewareQueue), Object(Cake\Http\ServerRequest), Object(Cake\Http\Response))
#18 /Users/juhuvn/www/vpgencake/webroot/index.php(40): Cake\Http\Server->run()
#19 {main}


2018-04-06 15:44:11 Error: [Cake\Routing\Exception\MissingControllerException] Controller class Geneé could not be found.
Exception Attributes: array (
  'class' => 'Geneé',
  'plugin' => false,
  'prefix' => false,
  '_ext' => false,
)
Request URL: /gene%C3%A9
Stack Trace:
#0 /Users/juhuvn/www/vpgencake/vendor/cakephp/cakephp/src/Http/ControllerFactory.php(38): Cake\Http\ControllerFactory->missingController(Object(Cake\Http\ServerRequest))
#1 /Users/juhuvn/www/vpgencake/vendor/cakephp/cakephp/src/Http/ActionDispatcher.php(90): Cake\Http\ControllerFactory->create(Object(Cake\Http\ServerRequest), Object(Cake\Http\Response))
#2 /Users/juhuvn/www/vpgencake/vendor/cakephp/cakephp/src/Http/BaseApplication.php(108): Cake\Http\ActionDispatcher->dispatch(Object(Cake\Http\ServerRequest), Object(Cake\Http\Response))
#3 /Users/juhuvn/www/vpgencake/vendor/cakephp/cakephp/src/Http/Runner.php(65): Cake\Http\BaseApplication->__invoke(Object(Cake\Http\ServerRequest), Object(Cake\Http\Response), Object(Cake\Http\Runner))
#4 /Users/juhuvn/www/vpgencake/vendor/cakephp/cakephp/src/Routing/Middleware/RoutingMiddleware.php(104): Cake\Http\Runner->__invoke(Object(Cake\Http\ServerRequest), Object(Cake\Http\Response))
#5 /Users/juhuvn/www/vpgencake/vendor/cakephp/cakephp/src/Http/Runner.php(65): Cake\Routing\Middleware\RoutingMiddleware->__invoke(Object(Cake\Http\ServerRequest), Object(Cake\Http\Response), Object(Cake\Http\Runner))
#6 /Users/juhuvn/www/vpgencake/vendor/cakephp/cakephp/src/Routing/Middleware/AssetMiddleware.php(88): Cake\Http\Runner->__invoke(Object(Cake\Http\ServerRequest), Object(Cake\Http\Response))
#7 /Users/juhuvn/www/vpgencake/vendor/cakephp/cakephp/src/Http/Runner.php(65): Cake\Routing\Middleware\AssetMiddleware->__invoke(Object(Cake\Http\ServerRequest), Object(Cake\Http\Response), Object(Cake\Http\Runner))
#8 /Users/juhuvn/www/vpgencake/vendor/cakephp/cakephp/src/Error/Middleware/ErrorHandlerMiddleware.php(98): Cake\Http\Runner->__invoke(Object(Cake\Http\ServerRequest), Object(Cake\Http\Response))
#9 /Users/juhuvn/www/vpgencake/vendor/cakephp/cakephp/src/Http/Runner.php(65): Cake\Error\Middleware\ErrorHandlerMiddleware->__invoke(Object(Cake\Http\ServerRequest), Object(Cake\Http\Response), Object(Cake\Http\Runner))
#10 /Users/juhuvn/www/vpgencake/vendor/cakephp/debug_kit/src/Middleware/DebugKitMiddleware.php(52): Cake\Http\Runner->__invoke(Object(Cake\Http\ServerRequest), Object(Cake\Http\Response))
#11 /Users/juhuvn/www/vpgencake/vendor/cakephp/cakephp/src/Http/Runner.php(65): DebugKit\Middleware\DebugKitMiddleware->__invoke(Object(Cake\Http\ServerRequest), Object(Cake\Http\Response), Object(Cake\Http\Runner))
#12 /Users/juhuvn/www/vpgencake/vendor/cakephp/cakephp/src/Http/Runner.php(51): Cake\Http\Runner->__invoke(Object(Cake\Http\ServerRequest), Object(Cake\Http\Response))
#13 /Users/juhuvn/www/vpgencake/vendor/cakephp/cakephp/src/Http/Server.php(81): Cake\Http\Runner->run(Object(Cake\Http\MiddlewareQueue), Object(Cake\Http\ServerRequest), Object(Cake\Http\Response))
#14 /Users/juhuvn/www/vpgencake/webroot/index.php(40): Cake\Http\Server->run()
#15 {main}


2018-04-06 15:44:34 Warning: Warning (2): Declaration of App\Controller\UsersController::beforeFilter(App\Controller\Event $event) should be compatible with App\Controller\AppController::beforeFilter(Cake\Event\Event $event) in [/Users/juhuvn/www/vpgencake/src/Controller/UsersController.php, line 14]
Request URL: /users/login?redirect=%2Fgene-descriptions%2Fadd
Referer URL: http://localhost:8888/vpgencake/gene-descriptions
Trace:
Cake\Error\BaseErrorHandler::handleError() - CORE/src/Error/BaseErrorHandler.php, line 153
include - APP/Controller/UsersController.php, line 14
Composer\Autoload\includeFile - ROOT/vendor/composer/ClassLoader.php, line 444
Composer\Autoload\ClassLoader::loadClass() - ROOT/vendor/composer/ClassLoader.php, line 322
spl_autoload_call - [internal], line ??
class_exists - [internal], line ??
Cake\Core\App::_classExistsInBase() - CORE/src/Core/App.php, line 152
Cake\Core\App::className() - CORE/src/Core/App.php, line 64
Cake\Http\ControllerFactory::getControllerClass() - CORE/src/Http/ControllerFactory.php, line 88
Cake\Http\ControllerFactory::create() - CORE/src/Http/ControllerFactory.php, line 36
Cake\Http\ActionDispatcher::dispatch() - CORE/src/Http/ActionDispatcher.php, line 90
Cake\Http\BaseApplication::__invoke() - CORE/src/Http/BaseApplication.php, line 108
Cake\Http\Runner::__invoke() - CORE/src/Http/Runner.php, line 65
Cake\Routing\Middleware\RoutingMiddleware::__invoke() - CORE/src/Routing/Middleware/RoutingMiddleware.php, line 104
Cake\Http\Runner::__invoke() - CORE/src/Http/Runner.php, line 65
Cake\Routing\Middleware\AssetMiddleware::__invoke() - CORE/src/Routing/Middleware/AssetMiddleware.php, line 88
Cake\Http\Runner::__invoke() - CORE/src/Http/Runner.php, line 65
Cake\Error\Middleware\ErrorHandlerMiddleware::__invoke() - CORE/src/Error/Middleware/ErrorHandlerMiddleware.php, line 98
Cake\Http\Runner::__invoke() - CORE/src/Http/Runner.php, line 65
DebugKit\Middleware\DebugKitMiddleware::__invoke() - ROOT/vendor/cakephp/debug_kit/src/Middleware/DebugKitMiddleware.php, line 52
Cake\Http\Runner::__invoke() - CORE/src/Http/Runner.php, line 65
Cake\Http\Runner::run() - CORE/src/Http/Runner.php, line 51
Cake\Http\Server::run() - CORE/src/Http/Server.php, line 81
[main] - ROOT/webroot/index.php, line 40



2018-04-06 15:44:34 Error: [TypeError] Argument 1 passed to App\Controller\UsersController::beforeFilter() must be an instance of App\Controller\Event, instance of Cake\Event\Event given, called in /Users/juhuvn/www/vpgencake/vendor/cakephp/cakephp/src/Event/EventManager.php on line 416
Request URL: /users/login?redirect=%2Fgene-descriptions%2Fadd
Referer URL: http://localhost:8888/vpgencake/gene-descriptions
Stack Trace:
#0 /Users/juhuvn/www/vpgencake/vendor/cakephp/cakephp/src/Event/EventManager.php(416): App\Controller\UsersController->beforeFilter(Object(Cake\Event\Event))
#1 /Users/juhuvn/www/vpgencake/vendor/cakephp/cakephp/src/Event/EventManager.php(393): Cake\Event\EventManager->_callListener(Array, Object(Cake\Event\Event))
#2 /Users/juhuvn/www/vpgencake/vendor/cakephp/cakephp/src/Event/EventDispatcherTrait.php(110): Cake\Event\EventManager->dispatch(Object(Cake\Event\Event))
#3 /Users/juhuvn/www/vpgencake/vendor/cakephp/cakephp/src/Controller/Controller.php(502): Cake\Controller\Controller->dispatchEvent('Controller.init...')
#4 /Users/juhuvn/www/vpgencake/vendor/cakephp/cakephp/src/Http/ActionDispatcher.php(114): Cake\Controller\Controller->startupProcess()
#5 /Users/juhuvn/www/vpgencake/vendor/cakephp/cakephp/src/Http/ActionDispatcher.php(93): Cake\Http\ActionDispatcher->_invoke(Object(App\Controller\UsersController))
#6 /Users/juhuvn/www/vpgencake/vendor/cakephp/cakephp/src/Http/BaseApplication.php(108): Cake\Http\ActionDispatcher->dispatch(Object(Cake\Http\ServerRequest), Object(Cake\Http\Response))
#7 /Users/juhuvn/www/vpgencake/vendor/cakephp/cakephp/src/Http/Runner.php(65): Cake\Http\BaseApplication->__invoke(Object(Cake\Http\ServerRequest), Object(Cake\Http\Response), Object(Cake\Http\Runner))
#8 /Users/juhuvn/www/vpgencake/vendor/cakephp/cakephp/src/Routing/Middleware/RoutingMiddleware.php(104): Cake\Http\Runner->__invoke(Object(Cake\Http\ServerRequest), Object(Cake\Http\Response))
#9 /Users/juhuvn/www/vpgencake/vendor/cakephp/cakephp/src/Http/Runner.php(65): Cake\Routing\Middleware\RoutingMiddleware->__invoke(Object(Cake\Http\ServerRequest), Object(Cake\Http\Response), Object(Cake\Http\Runner))
#10 /Users/juhuvn/www/vpgencake/vendor/cakephp/cakephp/src/Routing/Middleware/AssetMiddleware.php(88): Cake\Http\Runner->__invoke(Object(Cake\Http\ServerRequest), Object(Cake\Http\Response))
#11 /Users/juhuvn/www/vpgencake/vendor/cakephp/cakephp/src/Http/Runner.php(65): Cake\Routing\Middleware\AssetMiddleware->__invoke(Object(Cake\Http\ServerRequest), Object(Cake\Http\Response), Object(Cake\Http\Runner))
#12 /Users/juhuvn/www/vpgencake/vendor/cakephp/cakephp/src/Error/Middleware/ErrorHandlerMiddleware.php(98): Cake\Http\Runner->__invoke(Object(Cake\Http\ServerRequest), Object(Cake\Http\Response))
#13 /Users/juhuvn/www/vpgencake/vendor/cakephp/cakephp/src/Http/Runner.php(65): Cake\Error\Middleware\ErrorHandlerMiddleware->__invoke(Object(Cake\Http\ServerRequest), Object(Cake\Http\Response), Object(Cake\Http\Runner))
#14 /Users/juhuvn/www/vpgencake/vendor/cakephp/debug_kit/src/Middleware/DebugKitMiddleware.php(52): Cake\Http\Runner->__invoke(Object(Cake\Http\ServerRequest), Object(Cake\Http\Response))
#15 /Users/juhuvn/www/vpgencake/vendor/cakephp/cakephp/src/Http/Runner.php(65): DebugKit\Middleware\DebugKitMiddleware->__invoke(Object(Cake\Http\ServerRequest), Object(Cake\Http\Response), Object(Cake\Http\Runner))
#16 /Users/juhuvn/www/vpgencake/vendor/cakephp/cakephp/src/Http/Runner.php(51): Cake\Http\Runner->__invoke(Object(Cake\Http\ServerRequest), Object(Cake\Http\Response))
#17 /Users/juhuvn/www/vpgencake/vendor/cakephp/cakephp/src/Http/Server.php(81): Cake\Http\Runner->run(Object(Cake\Http\MiddlewareQueue), Object(Cake\Http\ServerRequest), Object(Cake\Http\Response))
#18 /Users/juhuvn/www/vpgencake/webroot/index.php(40): Cake\Http\Server->run()
#19 {main}


2018-04-06 15:45:54 Warning: Warning (2): Declaration of App\Controller\UsersController::beforeFilter(App\Controller\Event $event) should be compatible with App\Controller\AppController::beforeFilter(Cake\Event\Event $event) in [/Users/juhuvn/www/vpgencake/src/Controller/UsersController.php, line 14]
Request URL: /users/add
Trace:
Cake\Error\BaseErrorHandler::handleError() - CORE/src/Error/BaseErrorHandler.php, line 153
include - APP/Controller/UsersController.php, line 14
Composer\Autoload\includeFile - ROOT/vendor/composer/ClassLoader.php, line 444
Composer\Autoload\ClassLoader::loadClass() - ROOT/vendor/composer/ClassLoader.php, line 322
spl_autoload_call - [internal], line ??
class_exists - [internal], line ??
Cake\Core\App::_classExistsInBase() - CORE/src/Core/App.php, line 152
Cake\Core\App::className() - CORE/src/Core/App.php, line 64
Cake\Http\ControllerFactory::getControllerClass() - CORE/src/Http/ControllerFactory.php, line 88
Cake\Http\ControllerFactory::create() - CORE/src/Http/ControllerFactory.php, line 36
Cake\Http\ActionDispatcher::dispatch() - CORE/src/Http/ActionDispatcher.php, line 90
Cake\Http\BaseApplication::__invoke() - CORE/src/Http/BaseApplication.php, line 108
Cake\Http\Runner::__invoke() - CORE/src/Http/Runner.php, line 65
Cake\Routing\Middleware\RoutingMiddleware::__invoke() - CORE/src/Routing/Middleware/RoutingMiddleware.php, line 104
Cake\Http\Runner::__invoke() - CORE/src/Http/Runner.php, line 65
Cake\Routing\Middleware\AssetMiddleware::__invoke() - CORE/src/Routing/Middleware/AssetMiddleware.php, line 88
Cake\Http\Runner::__invoke() - CORE/src/Http/Runner.php, line 65
Cake\Error\Middleware\ErrorHandlerMiddleware::__invoke() - CORE/src/Error/Middleware/ErrorHandlerMiddleware.php, line 98
Cake\Http\Runner::__invoke() - CORE/src/Http/Runner.php, line 65
DebugKit\Middleware\DebugKitMiddleware::__invoke() - ROOT/vendor/cakephp/debug_kit/src/Middleware/DebugKitMiddleware.php, line 52
Cake\Http\Runner::__invoke() - CORE/src/Http/Runner.php, line 65
Cake\Http\Runner::run() - CORE/src/Http/Runner.php, line 51
Cake\Http\Server::run() - CORE/src/Http/Server.php, line 81
[main] - ROOT/webroot/index.php, line 40



2018-04-06 15:45:54 Error: [TypeError] Argument 1 passed to App\Controller\UsersController::beforeFilter() must be an instance of App\Controller\Event, instance of Cake\Event\Event given, called in /Users/juhuvn/www/vpgencake/vendor/cakephp/cakephp/src/Event/EventManager.php on line 416
Request URL: /users/add
Stack Trace:
#0 /Users/juhuvn/www/vpgencake/vendor/cakephp/cakephp/src/Event/EventManager.php(416): App\Controller\UsersController->beforeFilter(Object(Cake\Event\Event))
#1 /Users/juhuvn/www/vpgencake/vendor/cakephp/cakephp/src/Event/EventManager.php(393): Cake\Event\EventManager->_callListener(Array, Object(Cake\Event\Event))
#2 /Users/juhuvn/www/vpgencake/vendor/cakephp/cakephp/src/Event/EventDispatcherTrait.php(110): Cake\Event\EventManager->dispatch(Object(Cake\Event\Event))
#3 /Users/juhuvn/www/vpgencake/vendor/cakephp/cakephp/src/Controller/Controller.php(502): Cake\Controller\Controller->dispatchEvent('Controller.init...')
#4 /Users/juhuvn/www/vpgencake/vendor/cakephp/cakephp/src/Http/ActionDispatcher.php(114): Cake\Controller\Controller->startupProcess()
#5 /Users/juhuvn/www/vpgencake/vendor/cakephp/cakephp/src/Http/ActionDispatcher.php(93): Cake\Http\ActionDispatcher->_invoke(Object(App\Controller\UsersController))
#6 /Users/juhuvn/www/vpgencake/vendor/cakephp/cakephp/src/Http/BaseApplication.php(108): Cake\Http\ActionDispatcher->dispatch(Object(Cake\Http\ServerRequest), Object(Cake\Http\Response))
#7 /Users/juhuvn/www/vpgencake/vendor/cakephp/cakephp/src/Http/Runner.php(65): Cake\Http\BaseApplication->__invoke(Object(Cake\Http\ServerRequest), Object(Cake\Http\Response), Object(Cake\Http\Runner))
#8 /Users/juhuvn/www/vpgencake/vendor/cakephp/cakephp/src/Routing/Middleware/RoutingMiddleware.php(104): Cake\Http\Runner->__invoke(Object(Cake\Http\ServerRequest), Object(Cake\Http\Response))
#9 /Users/juhuvn/www/vpgencake/vendor/cakephp/cakephp/src/Http/Runner.php(65): Cake\Routing\Middleware\RoutingMiddleware->__invoke(Object(Cake\Http\ServerRequest), Object(Cake\Http\Response), Object(Cake\Http\Runner))
#10 /Users/juhuvn/www/vpgencake/vendor/cakephp/cakephp/src/Routing/Middleware/AssetMiddleware.php(88): Cake\Http\Runner->__invoke(Object(Cake\Http\ServerRequest), Object(Cake\Http\Response))
#11 /Users/juhuvn/www/vpgencake/vendor/cakephp/cakephp/src/Http/Runner.php(65): Cake\Routing\Middleware\AssetMiddleware->__invoke(Object(Cake\Http\ServerRequest), Object(Cake\Http\Response), Object(Cake\Http\Runner))
#12 /Users/juhuvn/www/vpgencake/vendor/cakephp/cakephp/src/Error/Middleware/ErrorHandlerMiddleware.php(98): Cake\Http\Runner->__invoke(Object(Cake\Http\ServerRequest), Object(Cake\Http\Response))
#13 /Users/juhuvn/www/vpgencake/vendor/cakephp/cakephp/src/Http/Runner.php(65): Cake\Error\Middleware\ErrorHandlerMiddleware->__invoke(Object(Cake\Http\ServerRequest), Object(Cake\Http\Response), Object(Cake\Http\Runner))
#14 /Users/juhuvn/www/vpgencake/vendor/cakephp/debug_kit/src/Middleware/DebugKitMiddleware.php(52): Cake\Http\Runner->__invoke(Object(Cake\Http\ServerRequest), Object(Cake\Http\Response))
#15 /Users/juhuvn/www/vpgencake/vendor/cakephp/cakephp/src/Http/Runner.php(65): DebugKit\Middleware\DebugKitMiddleware->__invoke(Object(Cake\Http\ServerRequest), Object(Cake\Http\Response), Object(Cake\Http\Runner))
#16 /Users/juhuvn/www/vpgencake/vendor/cakephp/cakephp/src/Http/Runner.php(51): Cake\Http\Runner->__invoke(Object(Cake\Http\ServerRequest), Object(Cake\Http\Response))
#17 /Users/juhuvn/www/vpgencake/vendor/cakephp/cakephp/src/Http/Server.php(81): Cake\Http\Runner->run(Object(Cake\Http\MiddlewareQueue), Object(Cake\Http\ServerRequest), Object(Cake\Http\Response))
#18 /Users/juhuvn/www/vpgencake/webroot/index.php(40): Cake\Http\Server->run()
#19 {main}


2018-04-06 15:47:08 Warning: Warning (2): Declaration of App\Controller\UsersController::beforeFilter(App\Controller\Event $event) should be compatible with App\Controller\AppController::beforeFilter(Cake\Event\Event $event) in [/Users/juhuvn/www/vpgencake/src/Controller/UsersController.php, line 14]
Request URL: /users/add
Trace:
Cake\Error\BaseErrorHandler::handleError() - CORE/src/Error/BaseErrorHandler.php, line 153
include - APP/Controller/UsersController.php, line 14
Composer\Autoload\includeFile - ROOT/vendor/composer/ClassLoader.php, line 444
Composer\Autoload\ClassLoader::loadClass() - ROOT/vendor/composer/ClassLoader.php, line 322
spl_autoload_call - [internal], line ??
class_exists - [internal], line ??
Cake\Core\App::_classExistsInBase() - CORE/src/Core/App.php, line 152
Cake\Core\App::className() - CORE/src/Core/App.php, line 64
Cake\Http\ControllerFactory::getControllerClass() - CORE/src/Http/ControllerFactory.php, line 88
Cake\Http\ControllerFactory::create() - CORE/src/Http/ControllerFactory.php, line 36
Cake\Http\ActionDispatcher::dispatch() - CORE/src/Http/ActionDispatcher.php, line 90
Cake\Http\BaseApplication::__invoke() - CORE/src/Http/BaseApplication.php, line 108
Cake\Http\Runner::__invoke() - CORE/src/Http/Runner.php, line 65
Cake\Routing\Middleware\RoutingMiddleware::__invoke() - CORE/src/Routing/Middleware/RoutingMiddleware.php, line 104
Cake\Http\Runner::__invoke() - CORE/src/Http/Runner.php, line 65
Cake\Routing\Middleware\AssetMiddleware::__invoke() - CORE/src/Routing/Middleware/AssetMiddleware.php, line 88
Cake\Http\Runner::__invoke() - CORE/src/Http/Runner.php, line 65
Cake\Error\Middleware\ErrorHandlerMiddleware::__invoke() - CORE/src/Error/Middleware/ErrorHandlerMiddleware.php, line 98
Cake\Http\Runner::__invoke() - CORE/src/Http/Runner.php, line 65
DebugKit\Middleware\DebugKitMiddleware::__invoke() - ROOT/vendor/cakephp/debug_kit/src/Middleware/DebugKitMiddleware.php, line 52
Cake\Http\Runner::__invoke() - CORE/src/Http/Runner.php, line 65
Cake\Http\Runner::run() - CORE/src/Http/Runner.php, line 51
Cake\Http\Server::run() - CORE/src/Http/Server.php, line 81
[main] - ROOT/webroot/index.php, line 40



2018-04-06 15:47:08 Error: [TypeError] Argument 1 passed to App\Controller\UsersController::beforeFilter() must be an instance of App\Controller\Event, instance of Cake\Event\Event given, called in /Users/juhuvn/www/vpgencake/vendor/cakephp/cakephp/src/Event/EventManager.php on line 416
Request URL: /users/add
Stack Trace:
#0 /Users/juhuvn/www/vpgencake/vendor/cakephp/cakephp/src/Event/EventManager.php(416): App\Controller\UsersController->beforeFilter(Object(Cake\Event\Event))
#1 /Users/juhuvn/www/vpgencake/vendor/cakephp/cakephp/src/Event/EventManager.php(393): Cake\Event\EventManager->_callListener(Array, Object(Cake\Event\Event))
#2 /Users/juhuvn/www/vpgencake/vendor/cakephp/cakephp/src/Event/EventDispatcherTrait.php(110): Cake\Event\EventManager->dispatch(Object(Cake\Event\Event))
#3 /Users/juhuvn/www/vpgencake/vendor/cakephp/cakephp/src/Controller/Controller.php(502): Cake\Controller\Controller->dispatchEvent('Controller.init...')
#4 /Users/juhuvn/www/vpgencake/vendor/cakephp/cakephp/src/Http/ActionDispatcher.php(114): Cake\Controller\Controller->startupProcess()
#5 /Users/juhuvn/www/vpgencake/vendor/cakephp/cakephp/src/Http/ActionDispatcher.php(93): Cake\Http\ActionDispatcher->_invoke(Object(App\Controller\UsersController))
#6 /Users/juhuvn/www/vpgencake/vendor/cakephp/cakephp/src/Http/BaseApplication.php(108): Cake\Http\ActionDispatcher->dispatch(Object(Cake\Http\ServerRequest), Object(Cake\Http\Response))
#7 /Users/juhuvn/www/vpgencake/vendor/cakephp/cakephp/src/Http/Runner.php(65): Cake\Http\BaseApplication->__invoke(Object(Cake\Http\ServerRequest), Object(Cake\Http\Response), Object(Cake\Http\Runner))
#8 /Users/juhuvn/www/vpgencake/vendor/cakephp/cakephp/src/Routing/Middleware/RoutingMiddleware.php(104): Cake\Http\Runner->__invoke(Object(Cake\Http\ServerRequest), Object(Cake\Http\Response))
#9 /Users/juhuvn/www/vpgencake/vendor/cakephp/cakephp/src/Http/Runner.php(65): Cake\Routing\Middleware\RoutingMiddleware->__invoke(Object(Cake\Http\ServerRequest), Object(Cake\Http\Response), Object(Cake\Http\Runner))
#10 /Users/juhuvn/www/vpgencake/vendor/cakephp/cakephp/src/Routing/Middleware/AssetMiddleware.php(88): Cake\Http\Runner->__invoke(Object(Cake\Http\ServerRequest), Object(Cake\Http\Response))
#11 /Users/juhuvn/www/vpgencake/vendor/cakephp/cakephp/src/Http/Runner.php(65): Cake\Routing\Middleware\AssetMiddleware->__invoke(Object(Cake\Http\ServerRequest), Object(Cake\Http\Response), Object(Cake\Http\Runner))
#12 /Users/juhuvn/www/vpgencake/vendor/cakephp/cakephp/src/Error/Middleware/ErrorHandlerMiddleware.php(98): Cake\Http\Runner->__invoke(Object(Cake\Http\ServerRequest), Object(Cake\Http\Response))
#13 /Users/juhuvn/www/vpgencake/vendor/cakephp/cakephp/src/Http/Runner.php(65): Cake\Error\Middleware\ErrorHandlerMiddleware->__invoke(Object(Cake\Http\ServerRequest), Object(Cake\Http\Response), Object(Cake\Http\Runner))
#14 /Users/juhuvn/www/vpgencake/vendor/cakephp/debug_kit/src/Middleware/DebugKitMiddleware.php(52): Cake\Http\Runner->__invoke(Object(Cake\Http\ServerRequest), Object(Cake\Http\Response))
#15 /Users/juhuvn/www/vpgencake/vendor/cakephp/cakephp/src/Http/Runner.php(65): DebugKit\Middleware\DebugKitMiddleware->__invoke(Object(Cake\Http\ServerRequest), Object(Cake\Http\Response), Object(Cake\Http\Runner))
#16 /Users/juhuvn/www/vpgencake/vendor/cakephp/cakephp/src/Http/Runner.php(51): Cake\Http\Runner->__invoke(Object(Cake\Http\ServerRequest), Object(Cake\Http\Response))
#17 /Users/juhuvn/www/vpgencake/vendor/cakephp/cakephp/src/Http/Server.php(81): Cake\Http\Runner->run(Object(Cake\Http\MiddlewareQueue), Object(Cake\Http\ServerRequest), Object(Cake\Http\Response))
#18 /Users/juhuvn/www/vpgencake/webroot/index.php(40): Cake\Http\Server->run()
#19 {main}


2018-04-06 15:47:12 Warning: Warning (2): Declaration of App\Controller\UsersController::beforeFilter(App\Controller\Event $event) should be compatible with App\Controller\AppController::beforeFilter(Cake\Event\Event $event) in [/Users/juhuvn/www/vpgencake/src/Controller/UsersController.php, line 14]
Request URL: /users/
Trace:
Cake\Error\BaseErrorHandler::handleError() - CORE/src/Error/BaseErrorHandler.php, line 153
include - APP/Controller/UsersController.php, line 14
Composer\Autoload\includeFile - ROOT/vendor/composer/ClassLoader.php, line 444
Composer\Autoload\ClassLoader::loadClass() - ROOT/vendor/composer/ClassLoader.php, line 322
spl_autoload_call - [internal], line ??
class_exists - [internal], line ??
Cake\Core\App::_classExistsInBase() - CORE/src/Core/App.php, line 152
Cake\Core\App::className() - CORE/src/Core/App.php, line 64
Cake\Http\ControllerFactory::getControllerClass() - CORE/src/Http/ControllerFactory.php, line 88
Cake\Http\ControllerFactory::create() - CORE/src/Http/ControllerFactory.php, line 36
Cake\Http\ActionDispatcher::dispatch() - CORE/src/Http/ActionDispatcher.php, line 90
Cake\Http\BaseApplication::__invoke() - CORE/src/Http/BaseApplication.php, line 108
Cake\Http\Runner::__invoke() - CORE/src/Http/Runner.php, line 65
Cake\Routing\Middleware\RoutingMiddleware::__invoke() - CORE/src/Routing/Middleware/RoutingMiddleware.php, line 104
Cake\Http\Runner::__invoke() - CORE/src/Http/Runner.php, line 65
Cake\Routing\Middleware\AssetMiddleware::__invoke() - CORE/src/Routing/Middleware/AssetMiddleware.php, line 88
Cake\Http\Runner::__invoke() - CORE/src/Http/Runner.php, line 65
Cake\Error\Middleware\ErrorHandlerMiddleware::__invoke() - CORE/src/Error/Middleware/ErrorHandlerMiddleware.php, line 98
Cake\Http\Runner::__invoke() - CORE/src/Http/Runner.php, line 65
DebugKit\Middleware\DebugKitMiddleware::__invoke() - ROOT/vendor/cakephp/debug_kit/src/Middleware/DebugKitMiddleware.php, line 52
Cake\Http\Runner::__invoke() - CORE/src/Http/Runner.php, line 65
Cake\Http\Runner::run() - CORE/src/Http/Runner.php, line 51
Cake\Http\Server::run() - CORE/src/Http/Server.php, line 81
[main] - ROOT/webroot/index.php, line 40



2018-04-06 15:47:12 Error: [TypeError] Argument 1 passed to App\Controller\UsersController::beforeFilter() must be an instance of App\Controller\Event, instance of Cake\Event\Event given, called in /Users/juhuvn/www/vpgencake/vendor/cakephp/cakephp/src/Event/EventManager.php on line 416
Request URL: /users/
Stack Trace:
#0 /Users/juhuvn/www/vpgencake/vendor/cakephp/cakephp/src/Event/EventManager.php(416): App\Controller\UsersController->beforeFilter(Object(Cake\Event\Event))
#1 /Users/juhuvn/www/vpgencake/vendor/cakephp/cakephp/src/Event/EventManager.php(393): Cake\Event\EventManager->_callListener(Array, Object(Cake\Event\Event))
#2 /Users/juhuvn/www/vpgencake/vendor/cakephp/cakephp/src/Event/EventDispatcherTrait.php(110): Cake\Event\EventManager->dispatch(Object(Cake\Event\Event))
#3 /Users/juhuvn/www/vpgencake/vendor/cakephp/cakephp/src/Controller/Controller.php(502): Cake\Controller\Controller->dispatchEvent('Controller.init...')
#4 /Users/juhuvn/www/vpgencake/vendor/cakephp/cakephp/src/Http/ActionDispatcher.php(114): Cake\Controller\Controller->startupProcess()
#5 /Users/juhuvn/www/vpgencake/vendor/cakephp/cakephp/src/Http/ActionDispatcher.php(93): Cake\Http\ActionDispatcher->_invoke(Object(App\Controller\UsersController))
#6 /Users/juhuvn/www/vpgencake/vendor/cakephp/cakephp/src/Http/BaseApplication.php(108): Cake\Http\ActionDispatcher->dispatch(Object(Cake\Http\ServerRequest), Object(Cake\Http\Response))
#7 /Users/juhuvn/www/vpgencake/vendor/cakephp/cakephp/src/Http/Runner.php(65): Cake\Http\BaseApplication->__invoke(Object(Cake\Http\ServerRequest), Object(Cake\Http\Response), Object(Cake\Http\Runner))
#8 /Users/juhuvn/www/vpgencake/vendor/cakephp/cakephp/src/Routing/Middleware/RoutingMiddleware.php(104): Cake\Http\Runner->__invoke(Object(Cake\Http\ServerRequest), Object(Cake\Http\Response))
#9 /Users/juhuvn/www/vpgencake/vendor/cakephp/cakephp/src/Http/Runner.php(65): Cake\Routing\Middleware\RoutingMiddleware->__invoke(Object(Cake\Http\ServerRequest), Object(Cake\Http\Response), Object(Cake\Http\Runner))
#10 /Users/juhuvn/www/vpgencake/vendor/cakephp/cakephp/src/Routing/Middleware/AssetMiddleware.php(88): Cake\Http\Runner->__invoke(Object(Cake\Http\ServerRequest), Object(Cake\Http\Response))
#11 /Users/juhuvn/www/vpgencake/vendor/cakephp/cakephp/src/Http/Runner.php(65): Cake\Routing\Middleware\AssetMiddleware->__invoke(Object(Cake\Http\ServerRequest), Object(Cake\Http\Response), Object(Cake\Http\Runner))
#12 /Users/juhuvn/www/vpgencake/vendor/cakephp/cakephp/src/Error/Middleware/ErrorHandlerMiddleware.php(98): Cake\Http\Runner->__invoke(Object(Cake\Http\ServerRequest), Object(Cake\Http\Response))
#13 /Users/juhuvn/www/vpgencake/vendor/cakephp/cakephp/src/Http/Runner.php(65): Cake\Error\Middleware\ErrorHandlerMiddleware->__invoke(Object(Cake\Http\ServerRequest), Object(Cake\Http\Response), Object(Cake\Http\Runner))
#14 /Users/juhuvn/www/vpgencake/vendor/cakephp/debug_kit/src/Middleware/DebugKitMiddleware.php(52): Cake\Http\Runner->__invoke(Object(Cake\Http\ServerRequest), Object(Cake\Http\Response))
#15 /Users/juhuvn/www/vpgencake/vendor/cakephp/cakephp/src/Http/Runner.php(65): DebugKit\Middleware\DebugKitMiddleware->__invoke(Object(Cake\Http\ServerRequest), Object(Cake\Http\Response), Object(Cake\Http\Runner))
#16 /Users/juhuvn/www/vpgencake/vendor/cakephp/cakephp/src/Http/Runner.php(51): Cake\Http\Runner->__invoke(Object(Cake\Http\ServerRequest), Object(Cake\Http\Response))
#17 /Users/juhuvn/www/vpgencake/vendor/cakephp/cakephp/src/Http/Server.php(81): Cake\Http\Runner->run(Object(Cake\Http\MiddlewareQueue), Object(Cake\Http\ServerRequest), Object(Cake\Http\Response))
#18 /Users/juhuvn/www/vpgencake/webroot/index.php(40): Cake\Http\Server->run()
#19 {main}


2018-04-06 15:48:16 Error: [Error] Class 'App\Model\Entity\DefaultPasswordHasher' not found
Request URL: /users/add
Referer URL: http://localhost:8888/vpgencake/users/add
Stack Trace:
#0 /Users/juhuvn/www/vpgencake/vendor/cakephp/cakephp/src/Datasource/EntityTrait.php(264): App\Model\Entity\User->_setPassword('nthh11')
#1 /Users/juhuvn/www/vpgencake/vendor/cakephp/cakephp/src/ORM/Marshaller.php(593): Cake\ORM\Entity->set(Array)
#2 /Users/juhuvn/www/vpgencake/vendor/cakephp/cakephp/src/ORM/Table.php(2519): Cake\ORM\Marshaller->merge(Object(App\Model\Entity\User), Array, Array)
#3 /Users/juhuvn/www/vpgencake/src/Controller/UsersController.php(40): Cake\ORM\Table->patchEntity(Object(App\Model\Entity\User), Array)
#4 /Users/juhuvn/www/vpgencake/vendor/cakephp/cakephp/src/Controller/Controller.php(440): App\Controller\UsersController->add()
#5 /Users/juhuvn/www/vpgencake/vendor/cakephp/cakephp/src/Http/ActionDispatcher.php(119): Cake\Controller\Controller->invokeAction()
#6 /Users/juhuvn/www/vpgencake/vendor/cakephp/cakephp/src/Http/ActionDispatcher.php(93): Cake\Http\ActionDispatcher->_invoke(Object(App\Controller\UsersController))
#7 /Users/juhuvn/www/vpgencake/vendor/cakephp/cakephp/src/Http/BaseApplication.php(108): Cake\Http\ActionDispatcher->dispatch(Object(Cake\Http\ServerRequest), Object(Cake\Http\Response))
#8 /Users/juhuvn/www/vpgencake/vendor/cakephp/cakephp/src/Http/Runner.php(65): Cake\Http\BaseApplication->__invoke(Object(Cake\Http\ServerRequest), Object(Cake\Http\Response), Object(Cake\Http\Runner))
#9 /Users/juhuvn/www/vpgencake/vendor/cakephp/cakephp/src/Routing/Middleware/RoutingMiddleware.php(104): Cake\Http\Runner->__invoke(Object(Cake\Http\ServerRequest), Object(Cake\Http\Response))
#10 /Users/juhuvn/www/vpgencake/vendor/cakephp/cakephp/src/Http/Runner.php(65): Cake\Routing\Middleware\RoutingMiddleware->__invoke(Object(Cake\Http\ServerRequest), Object(Cake\Http\Response), Object(Cake\Http\Runner))
#11 /Users/juhuvn/www/vpgencake/vendor/cakephp/cakephp/src/Routing/Middleware/AssetMiddleware.php(88): Cake\Http\Runner->__invoke(Object(Cake\Http\ServerRequest), Object(Cake\Http\Response))
#12 /Users/juhuvn/www/vpgencake/vendor/cakephp/cakephp/src/Http/Runner.php(65): Cake\Routing\Middleware\AssetMiddleware->__invoke(Object(Cake\Http\ServerRequest), Object(Cake\Http\Response), Object(Cake\Http\Runner))
#13 /Users/juhuvn/www/vpgencake/vendor/cakephp/cakephp/src/Error/Middleware/ErrorHandlerMiddleware.php(98): Cake\Http\Runner->__invoke(Object(Cake\Http\ServerRequest), Object(Cake\Http\Response))
#14 /Users/juhuvn/www/vpgencake/vendor/cakephp/cakephp/src/Http/Runner.php(65): Cake\Error\Middleware\ErrorHandlerMiddleware->__invoke(Object(Cake\Http\ServerRequest), Object(Cake\Http\Response), Object(Cake\Http\Runner))
#15 /Users/juhuvn/www/vpgencake/vendor/cakephp/debug_kit/src/Middleware/DebugKitMiddleware.php(52): Cake\Http\Runner->__invoke(Object(Cake\Http\ServerRequest), Object(Cake\Http\Response))
#16 /Users/juhuvn/www/vpgencake/vendor/cakephp/cakephp/src/Http/Runner.php(65): DebugKit\Middleware\DebugKitMiddleware->__invoke(Object(Cake\Http\ServerRequest), Object(Cake\Http\Response), Object(Cake\Http\Runner))
#17 /Users/juhuvn/www/vpgencake/vendor/cakephp/cakephp/src/Http/Runner.php(51): Cake\Http\Runner->__invoke(Object(Cake\Http\ServerRequest), Object(Cake\Http\Response))
#18 /Users/juhuvn/www/vpgencake/vendor/cakephp/cakephp/src/Http/Server.php(81): Cake\Http\Runner->run(Object(Cake\Http\MiddlewareQueue), Object(Cake\Http\ServerRequest), Object(Cake\Http\Response))
#19 /Users/juhuvn/www/vpgencake/webroot/index.php(40): Cake\Http\Server->run()
#20 {main}


2018-04-06 15:50:25 Error: [Cake\Routing\Exception\MissingControllerException] Controller class Logout could not be found.
Exception Attributes: array (
  'class' => 'Logout',
  'plugin' => false,
  'prefix' => false,
  '_ext' => false,
)
Request URL: /logout
Stack Trace:
#0 /Users/juhuvn/www/vpgencake/vendor/cakephp/cakephp/src/Http/ControllerFactory.php(38): Cake\Http\ControllerFactory->missingController(Object(Cake\Http\ServerRequest))
#1 /Users/juhuvn/www/vpgencake/vendor/cakephp/cakephp/src/Http/ActionDispatcher.php(90): Cake\Http\ControllerFactory->create(Object(Cake\Http\ServerRequest), Object(Cake\Http\Response))
#2 /Users/juhuvn/www/vpgencake/vendor/cakephp/cakephp/src/Http/BaseApplication.php(108): Cake\Http\ActionDispatcher->dispatch(Object(Cake\Http\ServerRequest), Object(Cake\Http\Response))
#3 /Users/juhuvn/www/vpgencake/vendor/cakephp/cakephp/src/Http/Runner.php(65): Cake\Http\BaseApplication->__invoke(Object(Cake\Http\ServerRequest), Object(Cake\Http\Response), Object(Cake\Http\Runner))
#4 /Users/juhuvn/www/vpgencake/vendor/cakephp/cakephp/src/Routing/Middleware/RoutingMiddleware.php(104): Cake\Http\Runner->__invoke(Object(Cake\Http\ServerRequest), Object(Cake\Http\Response))
#5 /Users/juhuvn/www/vpgencake/vendor/cakephp/cakephp/src/Http/Runner.php(65): Cake\Routing\Middleware\RoutingMiddleware->__invoke(Object(Cake\Http\ServerRequest), Object(Cake\Http\Response), Object(Cake\Http\Runner))
#6 /Users/juhuvn/www/vpgencake/vendor/cakephp/cakephp/src/Routing/Middleware/AssetMiddleware.php(88): Cake\Http\Runner->__invoke(Object(Cake\Http\ServerRequest), Object(Cake\Http\Response))
#7 /Users/juhuvn/www/vpgencake/vendor/cakephp/cakephp/src/Http/Runner.php(65): Cake\Routing\Middleware\AssetMiddleware->__invoke(Object(Cake\Http\ServerRequest), Object(Cake\Http\Response), Object(Cake\Http\Runner))
#8 /Users/juhuvn/www/vpgencake/vendor/cakephp/cakephp/src/Error/Middleware/ErrorHandlerMiddleware.php(98): Cake\Http\Runner->__invoke(Object(Cake\Http\ServerRequest), Object(Cake\Http\Response))
#9 /Users/juhuvn/www/vpgencake/vendor/cakephp/cakephp/src/Http/Runner.php(65): Cake\Error\Middleware\ErrorHandlerMiddleware->__invoke(Object(Cake\Http\ServerRequest), Object(Cake\Http\Response), Object(Cake\Http\Runner))
#10 /Users/juhuvn/www/vpgencake/vendor/cakephp/debug_kit/src/Middleware/DebugKitMiddleware.php(52): Cake\Http\Runner->__invoke(Object(Cake\Http\ServerRequest), Object(Cake\Http\Response))
#11 /Users/juhuvn/www/vpgencake/vendor/cakephp/cakephp/src/Http/Runner.php(65): DebugKit\Middleware\DebugKitMiddleware->__invoke(Object(Cake\Http\ServerRequest), Object(Cake\Http\Response), Object(Cake\Http\Runner))
#12 /Users/juhuvn/www/vpgencake/vendor/cakephp/cakephp/src/Http/Runner.php(51): Cake\Http\Runner->__invoke(Object(Cake\Http\ServerRequest), Object(Cake\Http\Response))
#13 /Users/juhuvn/www/vpgencake/vendor/cakephp/cakephp/src/Http/Server.php(81): Cake\Http\Runner->run(Object(Cake\Http\MiddlewareQueue), Object(Cake\Http\ServerRequest), Object(Cake\Http\Response))
#14 /Users/juhuvn/www/vpgencake/webroot/index.php(40): Cake\Http\Server->run()
#15 {main}


